2024-06-15 09:30:07 | INFO | model_worker | Send heart beat. Models: ['Apollo-7B']. Semaphore: Semaphore(value=5, locked=False). call_ct: 8. worker_id: 02587b7a. 
2024-06-15 09:30:52 | INFO | model_worker | Send heart beat. Models: ['Apollo-7B']. Semaphore: Semaphore(value=5, locked=False). call_ct: 8. worker_id: 02587b7a. 
2024-06-15 09:31:37 | INFO | model_worker | Send heart beat. Models: ['Apollo-7B']. Semaphore: Semaphore(value=5, locked=False). call_ct: 8. worker_id: 02587b7a. 
2024-06-15 09:32:22 | INFO | model_worker | Send heart beat. Models: ['Apollo-7B']. Semaphore: Semaphore(value=5, locked=False). call_ct: 8. worker_id: 02587b7a. 
2024-06-15 09:33:07 | INFO | model_worker | Send heart beat. Models: ['Apollo-7B']. Semaphore: Semaphore(value=5, locked=False). call_ct: 8. worker_id: 02587b7a. 
2024-06-15 09:33:52 | INFO | model_worker | Send heart beat. Models: ['Apollo-7B']. Semaphore: Semaphore(value=5, locked=False). call_ct: 8. worker_id: 02587b7a. 
2024-06-15 09:34:37 | INFO | model_worker | Send heart beat. Models: ['Apollo-7B']. Semaphore: Semaphore(value=5, locked=False). call_ct: 8. worker_id: 02587b7a. 
2024-06-15 09:35:22 | INFO | model_worker | Send heart beat. Models: ['Apollo-7B']. Semaphore: Semaphore(value=5, locked=False). call_ct: 8. worker_id: 02587b7a. 
2024-06-15 09:36:07 | INFO | model_worker | Send heart beat. Models: ['Apollo-7B']. Semaphore: Semaphore(value=5, locked=False). call_ct: 8. worker_id: 02587b7a. 
2024-06-15 09:36:52 | INFO | model_worker | Send heart beat. Models: ['Apollo-7B']. Semaphore: Semaphore(value=5, locked=False). call_ct: 8. worker_id: 02587b7a. 
2024-06-15 09:37:37 | INFO | model_worker | Send heart beat. Models: ['Apollo-7B']. Semaphore: Semaphore(value=5, locked=False). call_ct: 8. worker_id: 02587b7a. 
2024-06-15 09:38:22 | INFO | model_worker | Send heart beat. Models: ['Apollo-7B']. Semaphore: Semaphore(value=5, locked=False). call_ct: 8. worker_id: 02587b7a. 
2024-06-15 09:39:07 | INFO | model_worker | Send heart beat. Models: ['Apollo-7B']. Semaphore: Semaphore(value=5, locked=False). call_ct: 8. worker_id: 02587b7a. 
2024-06-15 09:39:52 | INFO | model_worker | Send heart beat. Models: ['Apollo-7B']. Semaphore: Semaphore(value=5, locked=False). call_ct: 8. worker_id: 02587b7a. 
2024-06-15 09:40:37 | INFO | model_worker | Send heart beat. Models: ['Apollo-7B']. Semaphore: Semaphore(value=5, locked=False). call_ct: 8. worker_id: 02587b7a. 
2024-06-15 09:41:22 | INFO | model_worker | Send heart beat. Models: ['Apollo-7B']. Semaphore: Semaphore(value=5, locked=False). call_ct: 8. worker_id: 02587b7a. 
2024-06-15 09:42:07 | INFO | model_worker | Send heart beat. Models: ['Apollo-7B']. Semaphore: Semaphore(value=5, locked=False). call_ct: 8. worker_id: 02587b7a. 
2024-06-15 09:42:52 | INFO | model_worker | Send heart beat. Models: ['Apollo-7B']. Semaphore: Semaphore(value=5, locked=False). call_ct: 8. worker_id: 02587b7a. 
2024-06-15 09:43:37 | INFO | model_worker | Send heart beat. Models: ['Apollo-7B']. Semaphore: Semaphore(value=5, locked=False). call_ct: 8. worker_id: 02587b7a. 
2024-06-15 09:44:22 | INFO | model_worker | Send heart beat. Models: ['Apollo-7B']. Semaphore: Semaphore(value=5, locked=False). call_ct: 8. worker_id: 02587b7a. 
2024-06-15 09:45:07 | INFO | model_worker | Send heart beat. Models: ['Apollo-7B']. Semaphore: Semaphore(value=5, locked=False). call_ct: 8. worker_id: 02587b7a. 
2024-06-15 09:45:52 | INFO | model_worker | Send heart beat. Models: ['Apollo-7B']. Semaphore: Semaphore(value=5, locked=False). call_ct: 8. worker_id: 02587b7a. 
2024-06-15 09:46:37 | INFO | model_worker | Send heart beat. Models: ['Apollo-7B']. Semaphore: Semaphore(value=5, locked=False). call_ct: 8. worker_id: 02587b7a. 
2024-06-15 09:47:22 | INFO | model_worker | Send heart beat. Models: ['Apollo-7B']. Semaphore: Semaphore(value=5, locked=False). call_ct: 8. worker_id: 02587b7a. 
2024-06-15 09:48:07 | INFO | model_worker | Send heart beat. Models: ['Apollo-7B']. Semaphore: Semaphore(value=5, locked=False). call_ct: 8. worker_id: 02587b7a. 
2024-06-15 09:48:52 | INFO | model_worker | Send heart beat. Models: ['Apollo-7B']. Semaphore: Semaphore(value=5, locked=False). call_ct: 8. worker_id: 02587b7a. 
2024-06-15 09:49:37 | INFO | model_worker | Send heart beat. Models: ['Apollo-7B']. Semaphore: Semaphore(value=5, locked=False). call_ct: 8. worker_id: 02587b7a. 
2024-06-15 09:50:22 | INFO | model_worker | Send heart beat. Models: ['Apollo-7B']. Semaphore: Semaphore(value=5, locked=False). call_ct: 8. worker_id: 02587b7a. 
2024-06-15 09:51:07 | INFO | model_worker | Send heart beat. Models: ['Apollo-7B']. Semaphore: Semaphore(value=5, locked=False). call_ct: 8. worker_id: 02587b7a. 
2024-06-15 09:51:52 | INFO | model_worker | Send heart beat. Models: ['Apollo-7B']. Semaphore: Semaphore(value=5, locked=False). call_ct: 8. worker_id: 02587b7a. 
2024-06-15 09:52:37 | INFO | model_worker | Send heart beat. Models: ['Apollo-7B']. Semaphore: Semaphore(value=5, locked=False). call_ct: 8. worker_id: 02587b7a. 
2024-06-15 09:53:22 | INFO | model_worker | Send heart beat. Models: ['Apollo-7B']. Semaphore: Semaphore(value=5, locked=False). call_ct: 8. worker_id: 02587b7a. 
2024-06-15 09:54:07 | INFO | model_worker | Send heart beat. Models: ['Apollo-7B']. Semaphore: Semaphore(value=5, locked=False). call_ct: 8. worker_id: 02587b7a. 
2024-06-15 09:54:52 | INFO | model_worker | Send heart beat. Models: ['Apollo-7B']. Semaphore: Semaphore(value=5, locked=False). call_ct: 8. worker_id: 02587b7a. 
2024-06-15 09:55:37 | INFO | model_worker | Send heart beat. Models: ['Apollo-7B']. Semaphore: Semaphore(value=5, locked=False). call_ct: 8. worker_id: 02587b7a. 
2024-06-15 09:56:22 | INFO | model_worker | Send heart beat. Models: ['Apollo-7B']. Semaphore: Semaphore(value=5, locked=False). call_ct: 8. worker_id: 02587b7a. 
2024-06-15 09:57:07 | INFO | model_worker | Send heart beat. Models: ['Apollo-7B']. Semaphore: Semaphore(value=5, locked=False). call_ct: 8. worker_id: 02587b7a. 
2024-06-15 09:57:52 | INFO | model_worker | Send heart beat. Models: ['Apollo-7B']. Semaphore: Semaphore(value=5, locked=False). call_ct: 8. worker_id: 02587b7a. 
2024-06-15 09:58:37 | INFO | model_worker | Send heart beat. Models: ['Apollo-7B']. Semaphore: Semaphore(value=5, locked=False). call_ct: 8. worker_id: 02587b7a. 
2024-06-15 09:59:22 | INFO | model_worker | Send heart beat. Models: ['Apollo-7B']. Semaphore: Semaphore(value=5, locked=False). call_ct: 8. worker_id: 02587b7a. 
2024-06-15 10:00:07 | INFO | model_worker | Send heart beat. Models: ['Apollo-7B']. Semaphore: Semaphore(value=5, locked=False). call_ct: 8. worker_id: 02587b7a. 
2024-06-15 10:00:52 | INFO | model_worker | Send heart beat. Models: ['Apollo-7B']. Semaphore: Semaphore(value=5, locked=False). call_ct: 8. worker_id: 02587b7a. 
2024-06-15 10:01:37 | INFO | model_worker | Send heart beat. Models: ['Apollo-7B']. Semaphore: Semaphore(value=5, locked=False). call_ct: 8. worker_id: 02587b7a. 
2024-06-15 10:02:22 | INFO | model_worker | Send heart beat. Models: ['Apollo-7B']. Semaphore: Semaphore(value=5, locked=False). call_ct: 8. worker_id: 02587b7a. 
2024-06-15 10:03:07 | INFO | model_worker | Send heart beat. Models: ['Apollo-7B']. Semaphore: Semaphore(value=5, locked=False). call_ct: 8. worker_id: 02587b7a. 
2024-06-15 10:03:52 | INFO | model_worker | Send heart beat. Models: ['Apollo-7B']. Semaphore: Semaphore(value=5, locked=False). call_ct: 8. worker_id: 02587b7a. 
2024-06-15 10:04:37 | INFO | model_worker | Send heart beat. Models: ['Apollo-7B']. Semaphore: Semaphore(value=5, locked=False). call_ct: 8. worker_id: 02587b7a. 
2024-06-15 10:05:22 | INFO | model_worker | Send heart beat. Models: ['Apollo-7B']. Semaphore: Semaphore(value=5, locked=False). call_ct: 8. worker_id: 02587b7a. 
2024-06-15 10:06:07 | INFO | model_worker | Send heart beat. Models: ['Apollo-7B']. Semaphore: Semaphore(value=5, locked=False). call_ct: 8. worker_id: 02587b7a. 
2024-06-15 10:06:52 | INFO | model_worker | Send heart beat. Models: ['Apollo-7B']. Semaphore: Semaphore(value=5, locked=False). call_ct: 8. worker_id: 02587b7a. 
2024-06-15 10:07:37 | INFO | model_worker | Send heart beat. Models: ['Apollo-7B']. Semaphore: Semaphore(value=5, locked=False). call_ct: 8. worker_id: 02587b7a. 
2024-06-15 10:08:22 | INFO | model_worker | Send heart beat. Models: ['Apollo-7B']. Semaphore: Semaphore(value=5, locked=False). call_ct: 8. worker_id: 02587b7a. 
2024-06-15 10:09:01 | INFO | stdout | [32mINFO[0m:     127.0.0.1:43910 - "[1mPOST /model_details HTTP/1.1[0m" [32m200 OK[0m
2024-06-15 10:09:01 | INFO | stdout | [32mINFO[0m:     127.0.0.1:43912 - "[1mPOST /count_token HTTP/1.1[0m" [32m200 OK[0m
2024-06-15 10:09:01 | INFO | stdout | [32mINFO[0m:     127.0.0.1:43914 - "[1mPOST /worker_generate_stream HTTP/1.1[0m" [32m200 OK[0m
2024-06-15 10:09:07 | INFO | model_worker | Send heart beat. Models: ['Apollo-7B']. Semaphore: Semaphore(value=5, locked=False). call_ct: 9. worker_id: 02587b7a. 
2024-06-15 10:09:20 | INFO | stdout | [32mINFO[0m:     127.0.0.1:35462 - "[1mPOST /model_details HTTP/1.1[0m" [32m200 OK[0m
2024-06-15 10:09:20 | INFO | stdout | [32mINFO[0m:     127.0.0.1:35470 - "[1mPOST /count_token HTTP/1.1[0m" [32m200 OK[0m
2024-06-15 10:09:20 | INFO | stdout | [32mINFO[0m:     127.0.0.1:35486 - "[1mPOST /worker_generate_stream HTTP/1.1[0m" [32m200 OK[0m
2024-06-15 10:09:49 | INFO | stdout | [32mINFO[0m:     127.0.0.1:46246 - "[1mPOST /model_details HTTP/1.1[0m" [32m200 OK[0m
2024-06-15 10:09:49 | INFO | stdout | [32mINFO[0m:     127.0.0.1:46260 - "[1mPOST /count_token HTTP/1.1[0m" [32m200 OK[0m
2024-06-15 10:09:49 | INFO | stdout | [32mINFO[0m:     127.0.0.1:46270 - "[1mPOST /worker_generate_stream HTTP/1.1[0m" [32m200 OK[0m
2024-06-15 10:09:52 | INFO | model_worker | Send heart beat. Models: ['Apollo-7B']. Semaphore: Semaphore(value=4, locked=False). call_ct: 11. worker_id: 02587b7a. 
2024-06-15 10:10:15 | INFO | stdout | [32mINFO[0m:     127.0.0.1:53624 - "[1mPOST /model_details HTTP/1.1[0m" [32m200 OK[0m
2024-06-15 10:10:15 | INFO | stdout | [32mINFO[0m:     127.0.0.1:53640 - "[1mPOST /count_token HTTP/1.1[0m" [32m200 OK[0m
2024-06-15 10:10:16 | INFO | stdout | [32mINFO[0m:     127.0.0.1:53654 - "[1mPOST /worker_generate_stream HTTP/1.1[0m" [32m200 OK[0m
2024-06-15 10:10:37 | INFO | model_worker | Send heart beat. Models: ['Apollo-7B']. Semaphore: Semaphore(value=5, locked=False). call_ct: 12. worker_id: 02587b7a. 
2024-06-15 10:10:45 | INFO | stdout | [32mINFO[0m:     127.0.0.1:40134 - "[1mPOST /model_details HTTP/1.1[0m" [32m200 OK[0m
2024-06-15 10:10:45 | INFO | stdout | [32mINFO[0m:     127.0.0.1:40140 - "[1mPOST /count_token HTTP/1.1[0m" [32m200 OK[0m
2024-06-15 10:10:45 | INFO | stdout | [32mINFO[0m:     127.0.0.1:40152 - "[1mPOST /worker_generate_stream HTTP/1.1[0m" [32m200 OK[0m
2024-06-15 10:11:08 | INFO | stdout | [32mINFO[0m:     127.0.0.1:57892 - "[1mPOST /model_details HTTP/1.1[0m" [32m200 OK[0m
2024-06-15 10:11:08 | INFO | stdout | [32mINFO[0m:     127.0.0.1:57906 - "[1mPOST /count_token HTTP/1.1[0m" [32m200 OK[0m
2024-06-15 10:11:08 | INFO | stdout | [32mINFO[0m:     127.0.0.1:57920 - "[1mPOST /worker_generate_stream HTTP/1.1[0m" [32m200 OK[0m
2024-06-15 10:11:22 | INFO | model_worker | Send heart beat. Models: ['Apollo-7B']. Semaphore: Semaphore(value=5, locked=False). call_ct: 14. worker_id: 02587b7a. 
2024-06-15 10:11:45 | INFO | stdout | [32mINFO[0m:     127.0.0.1:50496 - "[1mPOST /model_details HTTP/1.1[0m" [32m200 OK[0m
2024-06-15 10:11:45 | INFO | stdout | [32mINFO[0m:     127.0.0.1:50502 - "[1mPOST /count_token HTTP/1.1[0m" [32m200 OK[0m
2024-06-15 10:11:45 | INFO | stdout | [32mINFO[0m:     127.0.0.1:50516 - "[1mPOST /worker_generate_stream HTTP/1.1[0m" [32m200 OK[0m
2024-06-15 10:12:07 | INFO | model_worker | Send heart beat. Models: ['Apollo-7B']. Semaphore: Semaphore(value=5, locked=False). call_ct: 15. worker_id: 02587b7a. 
2024-06-15 10:12:52 | INFO | model_worker | Send heart beat. Models: ['Apollo-7B']. Semaphore: Semaphore(value=5, locked=False). call_ct: 15. worker_id: 02587b7a. 
2024-06-15 10:13:37 | INFO | model_worker | Send heart beat. Models: ['Apollo-7B']. Semaphore: Semaphore(value=5, locked=False). call_ct: 15. worker_id: 02587b7a. 
2024-06-15 10:14:22 | INFO | model_worker | Send heart beat. Models: ['Apollo-7B']. Semaphore: Semaphore(value=5, locked=False). call_ct: 15. worker_id: 02587b7a. 
2024-06-15 10:15:07 | INFO | model_worker | Send heart beat. Models: ['Apollo-7B']. Semaphore: Semaphore(value=5, locked=False). call_ct: 15. worker_id: 02587b7a. 
2024-06-15 10:15:52 | INFO | model_worker | Send heart beat. Models: ['Apollo-7B']. Semaphore: Semaphore(value=5, locked=False). call_ct: 15. worker_id: 02587b7a. 
2024-06-15 10:16:37 | INFO | model_worker | Send heart beat. Models: ['Apollo-7B']. Semaphore: Semaphore(value=5, locked=False). call_ct: 15. worker_id: 02587b7a. 
2024-06-15 10:17:22 | INFO | model_worker | Send heart beat. Models: ['Apollo-7B']. Semaphore: Semaphore(value=5, locked=False). call_ct: 15. worker_id: 02587b7a. 
2024-06-15 10:18:07 | INFO | model_worker | Send heart beat. Models: ['Apollo-7B']. Semaphore: Semaphore(value=5, locked=False). call_ct: 15. worker_id: 02587b7a. 
2024-06-15 10:18:52 | INFO | model_worker | Send heart beat. Models: ['Apollo-7B']. Semaphore: Semaphore(value=5, locked=False). call_ct: 15. worker_id: 02587b7a. 
2024-06-15 10:19:37 | INFO | model_worker | Send heart beat. Models: ['Apollo-7B']. Semaphore: Semaphore(value=5, locked=False). call_ct: 15. worker_id: 02587b7a. 
2024-06-15 10:20:22 | INFO | model_worker | Send heart beat. Models: ['Apollo-7B']. Semaphore: Semaphore(value=5, locked=False). call_ct: 15. worker_id: 02587b7a. 
2024-06-15 10:21:07 | INFO | model_worker | Send heart beat. Models: ['Apollo-7B']. Semaphore: Semaphore(value=5, locked=False). call_ct: 15. worker_id: 02587b7a. 
2024-06-15 10:21:52 | INFO | model_worker | Send heart beat. Models: ['Apollo-7B']. Semaphore: Semaphore(value=5, locked=False). call_ct: 15. worker_id: 02587b7a. 
2024-06-15 10:22:37 | INFO | model_worker | Send heart beat. Models: ['Apollo-7B']. Semaphore: Semaphore(value=5, locked=False). call_ct: 15. worker_id: 02587b7a. 
2024-06-15 10:23:22 | INFO | model_worker | Send heart beat. Models: ['Apollo-7B']. Semaphore: Semaphore(value=5, locked=False). call_ct: 15. worker_id: 02587b7a. 
2024-06-15 10:23:30 | ERROR | stderr | [32mINFO[0m:     Shutting down
2024-06-15 10:23:30 | ERROR | stderr | [32mINFO[0m:     Waiting for application shutdown.
2024-06-15 10:23:30 | ERROR | stderr | [32mINFO[0m:     Application shutdown complete.
2024-06-15 10:23:30 | ERROR | stderr | [32mINFO[0m:     Finished server process [[36m6744[0m]
2024-06-15 10:23:30 | ERROR | stderr | Traceback (most recent call last):
2024-06-15 10:23:30 | ERROR | stderr |   File "/home/c205/anaconda3/envs/fastchat/lib/python3.11/asyncio/runners.py", line 118, in run
2024-06-15 10:23:30 | ERROR | stderr |     return self._loop.run_until_complete(task)
2024-06-15 10:23:30 | ERROR | stderr |            ^^^^^^^^^^^^^^^^^^^^^^^^^^^^^^^^^^^
2024-06-15 10:23:30 | ERROR | stderr |   File "uvloop/loop.pyx", line 1517, in uvloop.loop.Loop.run_until_complete
2024-06-15 10:23:30 | ERROR | stderr | asyncio.exceptions.CancelledError
2024-06-15 10:23:30 | ERROR | stderr | 
2024-06-15 10:23:30 | ERROR | stderr | During handling of the above exception, another exception occurred:
2024-06-15 10:23:30 | ERROR | stderr | 
2024-06-15 10:23:30 | ERROR | stderr | Traceback (most recent call last):
2024-06-15 10:23:30 | ERROR | stderr |   File "<frozen runpy>", line 198, in _run_module_as_main
2024-06-15 10:23:30 | ERROR | stderr |   File "<frozen runpy>", line 88, in _run_code
2024-06-15 10:23:30 | ERROR | stderr |   File "/home/c205/workspace/FastChat-main/fastchat/serve/model_worker.py", line 425, in <module>
2024-06-15 10:23:30 | ERROR | stderr |     uvicorn.run(app, host=args.host, port=args.port, log_level="info")
2024-06-15 10:23:30 | ERROR | stderr |   File "/home/c205/anaconda3/envs/fastchat/lib/python3.11/site-packages/uvicorn/main.py", line 577, in run
2024-06-15 10:23:30 | ERROR | stderr |     server.run()
2024-06-15 10:23:30 | ERROR | stderr |   File "/home/c205/anaconda3/envs/fastchat/lib/python3.11/site-packages/uvicorn/server.py", line 65, in run
2024-06-15 10:23:30 | ERROR | stderr |     return asyncio.run(self.serve(sockets=sockets))
2024-06-15 10:23:30 | ERROR | stderr |            ^^^^^^^^^^^^^^^^^^^^^^^^^^^^^^^^^^^^^^^^
2024-06-15 10:23:30 | ERROR | stderr |   File "/home/c205/anaconda3/envs/fastchat/lib/python3.11/asyncio/runners.py", line 190, in run
2024-06-15 10:23:30 | ERROR | stderr |     return runner.run(main)
2024-06-15 10:23:30 | ERROR | stderr |            ^^^^^^^^^^^^^^^^
2024-06-15 10:23:30 | ERROR | stderr |   File "/home/c205/anaconda3/envs/fastchat/lib/python3.11/asyncio/runners.py", line 123, in run
2024-06-15 10:23:30 | ERROR | stderr |     raise KeyboardInterrupt()
2024-06-15 10:23:30 | ERROR | stderr | KeyboardInterrupt
